<?xml version="1.0" encoding="UTF-8"?>
<!-- Generated by org.testng.reporters.JUnitReportReporter -->
<testsuite hostname="George-Maliakal" failures="0" tests="1" name="MavenBen.DemoTest" time="17.824" errors="0" timestamp="19 Jul 2021 07:02:25 GMT" skipped="0">
  <testcase classname="MavenBen.DemoTest" name="initialize" time="17.824"/>
</testsuite> <!-- MavenBen.DemoTest -->
